This is pdfTeX, Version 3.1415926-2.3-1.40.12 (MiKTeX 2.9) (preloaded format=latex 2018.3.18)  18 MAR 2018 16:57
entering extended mode
**E:/SYSU/postgraduate/QA/QASonWinograd/paper/yangyuhao/paper.tex
(E:/SYSU/postgraduate/QA/QASonWinograd/paper/yangyuhao/paper.tex
LaTeX2e <2011/06/27>
Babel <v3.8m> and hyphenation patterns for loaded.
(E:\SYSU\postgraduate\QA\QASonWinograd\paper\yangyuhao\llncs.cls
Document Class: llncs 2017/09/04 v2.19 
 LaTeX document class for Lecture Notes in Computer Science
(D:\programming\CTEX\MiKTeX\tex\latex\base\article.cls
Document Class: article 2007/10/19 v1.4h Standard LaTeX document class
(D:\programming\CTEX\MiKTeX\tex\latex\base\size10.clo
File: size10.clo 2007/10/19 v1.4h Standard LaTeX file (size option)
)
\c@part=\count79
\c@section=\count80
\c@subsection=\count81
\c@subsubsection=\count82
\c@paragraph=\count83
\c@subparagraph=\count84
\c@figure=\count85
\c@table=\count86
\abovecaptionskip=\skip41
\belowcaptionskip=\skip42
\bibindent=\dimen102
)
(D:\programming\CTEX\MiKTeX\tex\latex\tools\multicol.sty
Package: multicol 2011/06/27 v1.7a multicolumn formatting (FMi)
\c@tracingmulticols=\count87
\mult@box=\box26
\multicol@leftmargin=\dimen103
\c@unbalance=\count88
\c@collectmore=\count89
\doublecol@number=\count90
\multicoltolerance=\count91
\multicolpretolerance=\count92
\full@width=\dimen104
\page@free=\dimen105
\premulticols=\dimen106
\postmulticols=\dimen107
\multicolsep=\skip43
\multicolbaselineskip=\skip44
\partial@page=\box27
\last@line=\box28
\mult@rightbox=\box29
\mult@grightbox=\box30
\mult@gfirstbox=\box31
\mult@firstbox=\box32
\@tempa=\box33
\@tempa=\box34
\@tempa=\box35
\@tempa=\box36
\@tempa=\box37
\@tempa=\box38
\@tempa=\box39
\@tempa=\box40
\@tempa=\box41
\@tempa=\box42
\@tempa=\box43
\@tempa=\box44
\@tempa=\box45
\@tempa=\box46
\@tempa=\box47
\@tempa=\box48
\@tempa=\box49
\c@columnbadness=\count93
\c@finalcolumnbadness=\count94
\last@try=\dimen108
\multicolovershoot=\dimen109
\multicolundershoot=\dimen110
\mult@nat@firstbox=\box50
\colbreak@box=\box51
\multicol@sort@counter=\count95
)
(D:\programming\CTEX\MiKTeX\tex\latex\oberdiek\aliascnt.sty
Package: aliascnt 2009/09/08 v1.3 Alias counter (HO)

(E:\SYSU\postgraduate\QA\QASonWinograd\paper\yangyuhao\remreset.sty))
\c@chapter=\count96
LaTeX Font Info:    Redeclaring math symbol \Gamma on input line 362.
LaTeX Font Info:    Redeclaring math symbol \Delta on input line 363.
LaTeX Font Info:    Redeclaring math symbol \Theta on input line 364.
LaTeX Font Info:    Redeclaring math symbol \Lambda on input line 365.
LaTeX Font Info:    Redeclaring math symbol \Xi on input line 366.
LaTeX Font Info:    Redeclaring math symbol \Pi on input line 367.
LaTeX Font Info:    Redeclaring math symbol \Sigma on input line 368.
LaTeX Font Info:    Redeclaring math symbol \Upsilon on input line 369.
LaTeX Font Info:    Redeclaring math symbol \Phi on input line 370.
LaTeX Font Info:    Redeclaring math symbol \Psi on input line 371.
LaTeX Font Info:    Redeclaring math symbol \Omega on input line 372.
\tocchpnum=\dimen111
\tocsecnum=\dimen112
\tocsectotal=\dimen113
\tocsubsecnum=\dimen114
\tocsubsectotal=\dimen115
\tocsubsubsecnum=\dimen116
\tocsubsubsectotal=\dimen117
\tocparanum=\dimen118
\tocparatotal=\dimen119
\tocsubparanum=\dimen120
\@tempcntc=\count97
\fnindent=\dimen121
\c@@inst=\count98
\c@@auth=\count99
\c@auco=\count100
\instindent=\dimen122
\authrun=\box52
\authorrunning=\toks14
\tocauthor=\toks15
\titrun=\box53
\titlerunning=\toks16
\toctitle=\toks17
\c@theorem=\count101
\c@case=\count102
\c@conjecture=\count103
\c@corollary=\count104
\c@definition=\count105
\c@example=\count106
\c@exercise=\count107
\c@lemma=\count108
\c@note=\count109
\c@problem=\count110
\c@property=\count111
\c@proposition=\count112
\c@question=\count113
\c@solution=\count114
\c@remark=\count115
\headlineindent=\dimen123
)
(D:\programming\CTEX\MiKTeX\tex\latex\graphics\graphicx.sty
Package: graphicx 1999/02/16 v1.0f Enhanced LaTeX Graphics (DPC,SPQR)

(D:\programming\CTEX\MiKTeX\tex\latex\graphics\keyval.sty
Package: keyval 1999/03/16 v1.13 key=value parser (DPC)
\KV@toks@=\toks18
)
(D:\programming\CTEX\MiKTeX\tex\latex\graphics\graphics.sty
Package: graphics 2009/02/05 v1.0o Standard LaTeX Graphics (DPC,SPQR)

(D:\programming\CTEX\MiKTeX\tex\latex\graphics\trig.sty
Package: trig 1999/03/16 v1.09 sin cos tan (DPC)
)
(D:\programming\CTEX\MiKTeX\tex\latex\00miktex\graphics.cfg
File: graphics.cfg 2007/01/18 v1.5 graphics configuration of teTeX/TeXLive
)
Package graphics Info: Driver file: dvips.def on input line 91.

(D:\programming\CTEX\MiKTeX\tex\latex\graphics\dvips.def
File: dvips.def 1999/02/16 v3.0i Driver-dependant file (DPC,SPQR)
))
\Gin@req@height=\dimen124
\Gin@req@width=\dimen125
)
(D:\programming\CTEX\MiKTeX\tex\latex\tools\enumerate.sty
Package: enumerate 1999/03/05 v3.00 enumerate extensions (DPC)
\@enLab=\toks19
)
(D:\programming\CTEX\MiKTeX\tex\latex\ams\math\amsmath.sty
Package: amsmath 2000/07/18 v2.13 AMS math features
\@mathmargin=\skip45

For additional information on amsmath, use the `?' option.
(D:\programming\CTEX\MiKTeX\tex\latex\ams\math\amstext.sty
Package: amstext 2000/06/29 v2.01

(D:\programming\CTEX\MiKTeX\tex\latex\ams\math\amsgen.sty
File: amsgen.sty 1999/11/30 v2.0
\@emptytoks=\toks20
\ex@=\dimen126
))
(D:\programming\CTEX\MiKTeX\tex\latex\ams\math\amsbsy.sty
Package: amsbsy 1999/11/29 v1.2d
\pmbraise@=\dimen127
)
(D:\programming\CTEX\MiKTeX\tex\latex\ams\math\amsopn.sty
Package: amsopn 1999/12/14 v2.01 operator names
)
\inf@bad=\count116
LaTeX Info: Redefining \frac on input line 211.
\uproot@=\count117
\leftroot@=\count118
LaTeX Info: Redefining \overline on input line 307.
\classnum@=\count119
\DOTSCASE@=\count120
LaTeX Info: Redefining \ldots on input line 379.
LaTeX Info: Redefining \dots on input line 382.
LaTeX Info: Redefining \cdots on input line 467.
\Mathstrutbox@=\box54
\strutbox@=\box55
\big@size=\dimen128
LaTeX Font Info:    Redeclaring font encoding OML on input line 567.
LaTeX Font Info:    Redeclaring font encoding OMS on input line 568.


Package amsmath Warning: Unable to redefine math accent \vec.

\macc@depth=\count121
\c@MaxMatrixCols=\count122
\dotsspace@=\muskip10
\c@parentequation=\count123
\dspbrk@lvl=\count124
\tag@help=\toks21
\row@=\count125
\column@=\count126
\maxfields@=\count127
\andhelp@=\toks22
\eqnshift@=\dimen129
\alignsep@=\dimen130
\tagshift@=\dimen131
\tagwidth@=\dimen132
\totwidth@=\dimen133
\lineht@=\dimen134
\@envbody=\toks23
\multlinegap=\skip46
\multlinetaggap=\skip47
\mathdisplay@stack=\toks24
LaTeX Info: Redefining \[ on input line 2666.
LaTeX Info: Redefining \] on input line 2667.
) (D:\programming\CTEX\MiKTeX\tex\latex\amsfonts\amssymb.sty
Package: amssymb 2009/06/22 v3.00

(D:\programming\CTEX\MiKTeX\tex\latex\amsfonts\amsfonts.sty
Package: amsfonts 2009/06/22 v3.00 Basic AMSFonts support
\symAMSa=\mathgroup4
\symAMSb=\mathgroup5
LaTeX Font Info:    Overwriting math alphabet `\mathfrak' in version `bold'
(Font)                  U/euf/m/n --> U/euf/b/n on input line 96.
))
(D:\programming\CTEX\MiKTeX\tex\latex\algorithms\algorithm.sty
Package: algorithm 2009/08/24 v0.1 Document Style `algorithm' - floating enviro
nment

(D:\programming\CTEX\MiKTeX\tex\latex\float\float.sty
Package: float 2001/11/08 v1.3d Float enhancements (AL)
\c@float@type=\count128
\float@exts=\toks25
\float@box=\box56
\@float@everytoks=\toks26
\@floatcapt=\box57
)
(D:\programming\CTEX\MiKTeX\tex\latex\base\ifthen.sty
Package: ifthen 2001/05/26 v1.1c Standard LaTeX ifthen package (DPC)
)
\@float@every@algorithm=\toks27
\c@algorithm=\count129
)
(D:\programming\CTEX\MiKTeX\tex\latex\algorithms\algorithmic.sty
Package: algorithmic 2009/08/24 v0.1 Document Style `algorithmic'
\c@ALC@unique=\count130
\c@ALC@line=\count131
\c@ALC@rem=\count132
\c@ALC@depth=\count133
\ALC@tlm=\skip48
\algorithmicindent=\skip49
)
(D:\programming\CTEX\MiKTeX\tex\latex\multirow\multirow.sty
\bigstrutjot=\dimen135
)
(D:\programming\CTEX\MiKTeX\tex\latex\tools\longtable.sty
Package: longtable 2004/02/01 v4.11 Multi-page Table package (DPC)
\LTleft=\skip50
\LTright=\skip51
\LTpre=\skip52
\LTpost=\skip53
\LTchunksize=\count134
\LTcapwidth=\dimen136
\LT@head=\box58
\LT@firsthead=\box59
\LT@foot=\box60
\LT@lastfoot=\box61
\LT@cols=\count135
\LT@rows=\count136
\c@LT@tables=\count137
\c@LT@chunks=\count138
\LT@p@ftn=\toks28
)
(D:\programming\CTEX\MiKTeX\tex\latex\tools\indentfirst.sty
Package: indentfirst 1995/11/23 v1.03 Indent first paragraph (DPC)
)
(E:\SYSU\postgraduate\QA\QASonWinograd\paper\yangyuhao\paper.aux)
LaTeX Font Info:    Checking defaults for OML/cmm/m/it on input line 20.
LaTeX Font Info:    ... okay on input line 20.
LaTeX Font Info:    Checking defaults for T1/cmr/m/n on input line 20.
LaTeX Font Info:    ... okay on input line 20.
LaTeX Font Info:    Checking defaults for OT1/cmr/m/n on input line 20.
LaTeX Font Info:    ... okay on input line 20.
LaTeX Font Info:    Checking defaults for OMS/cmsy/m/n on input line 20.
LaTeX Font Info:    ... okay on input line 20.
LaTeX Font Info:    Checking defaults for OMX/cmex/m/n on input line 20.
LaTeX Font Info:    ... okay on input line 20.
LaTeX Font Info:    Checking defaults for U/cmr/m/n on input line 20.
LaTeX Font Info:    ... okay on input line 20.
LaTeX Font Info:    Try loading font information for U+msa on input line 30.

(D:\programming\CTEX\MiKTeX\tex\latex\amsfonts\umsa.fd
File: umsa.fd 2009/06/22 v3.00 AMS symbols A
)
LaTeX Font Info:    Try loading font information for U+msb on input line 30.

(D:\programming\CTEX\MiKTeX\tex\latex\amsfonts\umsb.fd
File: umsb.fd 2009/06/22 v3.00 AMS symbols B
)
Overfull \hbox (0.37283pt too wide) in paragraph at lines 36--37
[]\OT1/cmr/bx/n/9 Keywords:\OT1/cmr/m/n/9 Winograd Schema Chal-lenge(WSC), Firs
t-order Log-ic, Pro-
 []


Underfull \hbox (badness 10000) in paragraph at lines 41--42

 []

Missing character: There is no ¡ in font cmr10!
Missing character: There is no ¯ in font cmr10!
Missing character: There is no ¡ in font cmr10!
Missing character: There is no ¯ in font cmr10!

Underfull \hbox (badness 10000) in paragraph at lines 42--45

 []

Missing character: There is no ¡ in font cmr10!
Missing character: There is no ° in font cmr10!
Missing character: There is no ¡ in font cmr10!
Missing character: There is no ± in font cmr10!
Missing character: There is no ¡ in font cmr10!
Missing character: There is no ¯ in font cmr10!
Missing character: There is no ¡ in font cmr10!
Missing character: There is no ° in font cmr10!
Missing character: There is no ¡ in font cmr10!
Missing character: There is no ± in font cmr10!
Missing character: There is no ¡ in font cmr10!
Missing character: There is no ° in font cmr10!
Missing character: There is no ¡ in font cmr10!
Missing character: There is no ± in font cmr10!
Missing character: There is no ¡ in font cmr10!
Missing character: There is no ° in font cmr10!
Missing character: There is no ¡ in font cmr10!
Missing character: There is no ± in font cmr10!
[1

]
Missing character: There is no ¡ in font cmr10!
Missing character: There is no ¯ in font cmr10!

Underfull \hbox (badness 10000) in paragraph at lines 52--57

 []

[2]
Missing character: There is no ¡ in font cmr10!
Missing character: There is no ¯ in font cmr10!
Missing character: There is no ¡ in font cmr10!
Missing character: There is no ¯ in font cmr10!

Underfull \hbox (badness 10000) in paragraph at lines 58--64

 []


Underfull \hbox (badness 10000) in paragraph at lines 65--70

 []

Missing character: There is no ¡ in font cmr10!
Missing character: There is no ° in font cmr10!
Missing character: There is no ¡ in font cmr10!
Missing character: There is no ± in font cmr10!
Missing character: There is no ¡ in font cmr10!
Missing character: There is no ° in font cmr10!
Missing character: There is no ¡ in font cmr10!
Missing character: There is no ± in font cmr10!
Missing character: There is no ¡ in font cmr10!
Missing character: There is no ° in font cmr10!
Missing character: There is no ¡ in font cmr10!
Missing character: There is no ± in font cmr10!
Missing character: There is no ¡ in font cmr10!
Missing character: There is no ° in font cmr10!
Missing character: There is no ¡ in font cmr10!
Missing character: There is no ± in font cmr10!
Missing character: There is no ¡ in font cmr10!
Missing character: There is no ° in font cmr10!
Missing character: There is no ¡ in font cmr10!
Missing character: There is no ± in font cmr10!
Missing character: There is no ¡ in font cmr10!
Missing character: There is no ¯ in font cmr10!
Missing character: There is no ¡ in font cmr10!
Missing character: There is no ° in font cmr10!
Missing character: There is no ¡ in font cmr10!
Missing character: There is no ¯ in font cmr10!
Missing character: There is no ¡ in font cmr10!
Missing character: There is no ± in font cmr10!
Missing character: There is no ¡ in font cmr10!
Missing character: There is no ° in font cmr10!
Missing character: There is no ¡ in font cmr10!
Missing character: There is no ± in font cmr10!
Missing character: There is no ¡ in font cmr10!
Missing character: There is no ° in font cmr10!
Missing character: There is no ¡ in font cmr10!
Missing character: There is no ± in font cmr10!
Missing character: There is no ¡ in font cmr10!
Missing character: There is no ° in font cmr10!
Missing character: There is no ¡ in font cmr10!
Missing character: There is no ± in font cmr10!
Missing character: There is no ¡ in font cmr10!
Missing character: There is no ¯ in font cmr10!
[3]
Missing character: There is no ¡ in font cmr10!
Missing character: There is no ° in font cmr10!
Missing character: There is no ¡ in font cmr10!
Missing character: There is no ± in font cmr10!
Missing character: There is no ¡ in font cmr10!
Missing character: There is no ° in font cmr10!
Missing character: There is no ¡ in font cmr10!
Missing character: There is no ± in font cmr10!
Missing character: There is no ¡ in font cmr10!
Missing character: There is no ° in font cmr10!
Missing character: There is no ¡ in font cmr10!
Missing character: There is no ± in font cmr10!
Missing character: There is no ¡ in font cmr10!
Missing character: There is no ¯ in font cmr10!
 [4]
Missing character: There is no ¡ in font cmr10!
Missing character: There is no ¯ in font cmr10!

Overfull \hbox (9.261pt too wide) in paragraph at lines 101--102
[][]\OT1/cmr/bx/n/10 Translating Ques-tion \OT1/cmr/m/n/10 Af-ter trans-lat-ing
 de-scrip-tion and com-mon-sense knowl-
 []

Missing character: There is no ¡ in font cmr10!
Missing character: There is no ¯ in font cmr10!
[5]
Missing character: There is no ¡ in font cmr10!
Missing character: There is no ¯ in font cmr10!
 [6]
Missing character: There is no ¡ in font cmr10!
Missing character: There is no ¯ in font cmr10!
Missing character: There is no ¡ in font cmr10!
Missing character: There is no ¯ in font cmr10!
Missing character: There is no ¡ in font cmr10!
Missing character: There is no ¯ in font cmr10!
Missing character: There is no ¡ in font cmr10!
Missing character: There is no ¯ in font cmr10!
Missing character: There is no ¡ in font cmr10!
Missing character: There is no ¯ in font cmr10!
Missing character: There is no ¡ in font cmr10!
Missing character: There is no ¯ in font cmr10!
Missing character: There is no ¡ in font cmr10!
Missing character: There is no ¯ in font cmr10!
Missing character: There is no ¡ in font cmr10!
Missing character: There is no ¯ in font cmr10!
 [7] (E:\SYSU\postgraduate\QA\QASonWinograd\paper\yangyuhao\paper.bbl
Missing character: There is no ¡ in font cmr9!
Missing character: There is no ª in font cmr9!
Missing character: There is no ¨ in font cmr9!
)
[8] (E:\SYSU\postgraduate\QA\QASonWinograd\paper\yangyuhao\paper.aux) ) 
Here is how much of TeX's memory you used:
 2213 strings out of 495355
 26532 string characters out of 3183210
 89784 words of memory out of 3000000
 5359 multiletter control sequences out of 15000+200000
 10613 words of font info for 41 fonts, out of 3000000 for 9000
 14 hyphenation exceptions out of 8191
 29i,8n,24p,2381b,222s stack positions out of 5000i,500n,10000p,200000b,50000s

Output written on paper.dvi (8 pages, 35108 bytes).
