This is pdfTeX, Version 3.14159265-2.6-1.40.18 (MiKTeX 2.9.6500 64-bit) (preloaded format=pdflatex 2017.12.13)  22 DEC 2017 15:06
entering extended mode
**C:/Users/liangguanxi/Desktop/梁观喜的毕业论文/appendix/paper.tex
(C:/Users/liangguanxi/Desktop/梁观喜的毕业论文/appendix/paper.tex
LaTeX2e <2017-04-15>
Babel <3.15> and hyphenation patterns for 1 language(s) loaded.
! Undefined control sequence.
l.3 \titlecontents
                  {chapter}[2em]{\vspace{.5\baselineskip}\xiaosan\song}%
? 
! Emergency stop.
l.3 \titlecontents
                  {chapter}[2em]{\vspace{.5\baselineskip}\xiaosan\song}%
End of file on the terminal!

 
Here is how much of TeX's memory you used:
 8 strings out of 495211
 329 string characters out of 3182577
 45488 words of memory out of 3000000
 3410 multiletter control sequences out of 15000+200000
 3640 words of font info for 14 fonts, out of 3000000 for 9000
 14 hyphenation exceptions out of 8191
 5i,0n,1p,144b,8s stack positions out of 5000i,500n,10000p,200000b,50000s
!  ==> Fatal error occurred, no output PDF file produced!
